<?xml version="1.0" encoding="UTF-8"?>
<!-- Generated by org.testng.reporters.JUnitReportReporter -->
<testsuite skipped="0" hostname="DESKTOP-TB4JQJH" name="TestCases.amcIdentification" tests="2" failures="0" timestamp="2021-05-11T18:44:14 IST" time="5.087" errors="0">
  <testcase name="amfiURLAccessCheck" time="0.007" classname="TestCases.amcIdentification"/>
  <system-out/>
  <testcase name="amfiURLAccessCheck" time="5.080" classname="TestCases.amcIdentification"/>
  <system-out/>
</testsuite> <!-- TestCases.amcIdentification -->
