<?xml version="1.0" encoding="UTF-8"?>
<!-- Generated by org.testng.reporters.JUnitReportReporter -->
<testsuite skipped="0" hostname="DESKTOP-TB4JQJH" name="TestCases.testClass" tests="1" failures="0" timestamp="2021-05-08T14:55:14 IST" time="39.352" errors="0">
  <testcase name="test" time="39.352" classname="TestCases.testClass"/>
  <system-out/>
</testsuite> <!-- TestCases.testClass -->
