<?xml version="1.0" encoding="UTF-8"?>
<!-- Generated by org.testng.reporters.JUnitReportReporter -->
<testsuite skipped="0" hostname="DESKTOP-TB4JQJH" name="TestCases.amcIdentification2" tests="6" failures="0" timestamp="2021-05-12T14:49:49 IST" time="9.886" errors="0">
  <testcase name="amfiURLAccessCheck" time="0.010" classname="TestCases.amcIdentification2"/>
  <system-out/>
  <testcase name="amfiURLAccessCheck" time="0.002" classname="TestCases.amcIdentification2"/>
  <system-out/>
  <testcase name="amfiURLAccessCheck" time="4.925" classname="TestCases.amcIdentification2"/>
  <system-out/>
  <testcase name="amfiURLAccessCheck" time="4.946" classname="TestCases.amcIdentification2"/>
  <system-out/>
  <testcase name="amfiURLAccessCheck" time="0.002" classname="TestCases.amcIdentification2"/>
  <system-out/>
  <testcase name="amfiURLAccessCheck" time="0.001" classname="TestCases.amcIdentification2"/>
  <system-out/>
</testsuite> <!-- TestCases.amcIdentification2 -->
